MPASM 5.75      ../../P16F877A_LCDWDBMOD.ASM   11-17-2017  14:23:53         PAGE  1


LOC  OBJECT CODE     LINE SOURCE TEXT
  VALUE

                      00001 ;************************************************************************
                      00002 ;*      Microchip Technology Inc. 2004                                  *
                      00003 ;*      Assembler version: 2.0000                                       *
                      00004 ;*      Filename:                                                       *
                      00005 ;*              p16F877A_lcd.asm                                        *
                      00006 ;************************************************************************
                      00007 
                      00008         list            p=16F877A
                      00009         #include        "p16f877a.inc"
                      00001         LIST
                      00002 
                      00003 ;==========================================================================
                      00004 ; Build date : Jul 02 2017
                      00005 ;  MPASM PIC16F877A processor include
                      00006 ; 
                      00007 ;  (c) Copyright 1999-2017 Microchip Technology, All rights reserved
                      00008 ;==========================================================================
                      00009 
                      00567         LIST
                      00010         
                      00011         errorlevel      -302
                      00012 
                      00013 
                      00014 #define LCD_D4          PORTD, 0        ; LCD data bits
                      00015 #define LCD_D5          PORTD, 1
                      00016 #define LCD_D6          PORTD, 2
                      00017 #define LCD_D7          PORTD, 3
                      00018 
                      00019 #define LCD_D4_DIR      TRISD, 0        ; LCD data bits
                      00020 #define LCD_D5_DIR      TRISD, 1
                      00021 #define LCD_D6_DIR      TRISD, 2
                      00022 #define LCD_D7_DIR      TRISD, 3
                      00023 
                      00024 #define LCD_E           PORTA, 1        ; LCD E clock
                      00025 #define LCD_RW          PORTA, 2        ; LCD read/write line
                      00026 #define LCD_RS          PORTA, 3        ; LCD register select line
                      00027 
                      00028 #define LCD_E_DIR       TRISA, 1        
                      00029 #define LCD_RW_DIR      TRISA, 2        
                      00030 #define LCD_RS_DIR      TRISA, 3        
                      00031 
                      00032 #define LCD_INS         0       
                      00033 #define LCD_DATA        1
                      00034 
                      00035 D_LCD_DATA      UDATA 0x20
0020                  00036 COUNTER         res     1
0021                  00037 delay           res     1
0022                  00038 temp_wr         res     1
0023                  00039 temp_rd         res     1
                      00040 
  0000                00041         GLOBAL  temp_wr
                      00042 
                      00043 PROG1   CODE
MPASM 5.75      ../../P16F877A_LCDWDBMOD.ASM   11-17-2017  14:23:53         PAGE  2


LOC  OBJECT CODE     LINE SOURCE TEXT
  VALUE

                      00044 
                      00045 
                      00046 ;***************************************************************************
                      00047         
0000                  00048 LCDLine_1
0000   ???? ????      00049         banksel temp_wr
0002   3080           00050         movlw   0x80
0003   00??           00051         movwf   temp_wr
0004   2???           00052         call    i_write
0005   0008           00053         return
  0000                00054         GLOBAL  LCDLine_1
                      00055 
0006                  00056 LCDLine_2
0006   ???? ????      00057         banksel temp_wr
0008   30C0           00058         movlw   0xC0
0009   00??           00059         movwf   temp_wr
000A   2???           00060         call    i_write
000B   0008           00061         return
  0000                00062         GLOBAL  LCDLine_2
                      00063         
000C                  00064 d_write                                 ;write data
000C   2???           00065         call    LCDBusy
000D   1403           00066         bsf     STATUS, C
000E   2???           00067         call    LCDWrite
                      00068         ;banksel        TXREG                   ;move data into TXREG 
                      00069         ;movwf  TXREG
                      00070         ;banksel        TXSTA
                      00071         ;btfss  TXSTA,TRMT              ;wait for data TX
                      00072         ;goto   $-1
000F   1283 1303      00073         banksel PORTA   
0011   0008           00074         return
  0000                00075         GLOBAL  d_write
                      00076         
0012                  00077 i_write                                 ;write instruction
0012   2???           00078         call    LCDBusy
0013   1003           00079         bcf     STATUS, C
0014   2???           00080         call    LCDWrite
0015   0008           00081         return
  0000                00082         GLOBAL  i_write
                      00083 
                      00084 rlcd    macro   MYREGISTER
                      00085  IF MYREGISTER == 1
                      00086         bsf     STATUS, C
                      00087         call    LCDRead
                      00088  ELSE
                      00089         bcf     STATUS, C
                      00090         call    LCDRead
                      00091  ENDIF
                      00092         endm
                      00093 ;****************************************************************************
                      00094 
                      00095 
                      00096 
MPASM 5.75      ../../P16F877A_LCDWDBMOD.ASM   11-17-2017  14:23:53         PAGE  3


LOC  OBJECT CODE     LINE SOURCE TEXT
  VALUE

                      00097 
                      00098 ; *******************************************************************
0016                  00099 LCDInit
0016   1283 1303      00100         banksel PORTA                   ;not sure if wdb or mc put clrf statement but
0018   0185           00101         clrf    PORTA                   ;banksel is needed. 
                      00102         
0019   1683 1303      00103         banksel TRISA                   ;configure control lines
001B   1085           00104         bcf     LCD_E_DIR
001C   1105           00105         bcf     LCD_RW_DIR
001D   1185           00106         bcf     LCD_RS_DIR
                      00107         
001E   300E           00108         movlw   b'00001110'
001F   1683 1303      00109         banksel ADCON1
0021   009F           00110         movwf   ADCON1  
                      00111 
0022   30FF           00112         movlw   0xff                    ; Wait ~15ms @ 20 MHz
0023   ???? ????      00113         banksel COUNTER
0025   00??           00114         movwf   COUNTER
0026   30FF           00115         movlw   0xFF
0027   ???? ????      00116         banksel delay
0029   00??           00117         movwf   delay
002A   2???           00118         call    DelayXCycles
002B   0B??           00119         decfsz  COUNTER, F
002C   2???           00120         goto    $-3
                      00121         
002D   3030           00122         movlw   b'00110000'             ;#1 Send control sequence 
002E   00??           00123         movwf   temp_wr
002F   1003           00124         bcf     STATUS,C
0030   2???           00125         call    LCDWriteNibble
                      00126 
0031   30FF           00127         movlw   0xff                    ;Wait ~4ms @ 20 MHz
0032   00??           00128         movwf   COUNTER
0033   30FF           00129         movlw   0xFF
0034   00??           00130         movwf   delay
0035   2???           00131         call    DelayXCycles
0036   0B??           00132         decfsz  COUNTER, F
0037   2???           00133         goto    $-3
                      00134 
0038   3030           00135         movlw   b'00110000'             ;#2 Send control sequence
0039   00??           00136         movwf   temp_wr
003A   1003           00137         bcf     STATUS,C
003B   2???           00138         call    LCDWriteNibble
                      00139 
003C   30FF           00140         movlw   0xFF                    ;Wait ~100us @ 20 MHz
003D   00??           00141         movwf   delay
003E   2???           00142         call    DelayXCycles
                      00143                                                 
003F   3018           00144         movlw   b'0011000'              ;#3 Send control sequence
0040   00??           00145         movwf   temp_wr
0041   1003           00146         bcf     STATUS,C
0042   2???           00147         call    LCDWriteNibble
                      00148 
                      00149                 ;test delay
MPASM 5.75      ../../P16F877A_LCDWDBMOD.ASM   11-17-2017  14:23:53         PAGE  4


LOC  OBJECT CODE     LINE SOURCE TEXT
  VALUE

0043   30FF           00150         movlw   0xFF                    ;Wait ~100us @ 20 MHz
0044   00??           00151         movwf   delay
0045   2???           00152         call    DelayXCycles
                      00153 
                      00154 
0046   3020           00155         movlw   b'00100000'             ;#4 set 4-bit
0047   00??           00156         movwf   temp_wr
0048   1003           00157         bcf     STATUS,C
0049   2???           00158         call    LCDWriteNibble
                      00159 
004A   2???           00160         call    LCDBusy                 ;Busy?
                      00161                                 
004B   ???? ????      00162         banksel temp_wr
004D   3028           00163         movlw   b'00101000'             ;#5   Function set
004E   00??           00164         movwf   temp_wr
004F   2???           00165         call    i_write
                      00166 
0050   ???? ????      00167         banksel temp_wr
0052   300D           00168         movlw   b'00001101'             ;#6  Display = ON
0053   00??           00169         movwf   temp_wr
0054   2???           00170         call    i_write
                      00171                         
0055   ???? ????      00172         banksel temp_wr
0057   3001           00173         movlw   b'00000001'             ;#7   Display Clear
0058   00??           00174         movwf   temp_wr
0059   2???           00175         call    i_write
                      00176 
005A   3006           00177         movlw   b'00000110'             ;#8   Entry Mode
005B   00??           00178         movwf   temp_wr
005C   ???? ????      00179         banksel i_write
005E   2???           00180         call    i_write 
                      00181 
005F   ???? ????      00182         banksel temp_wr
0061   3080           00183         movlw   b'10000000'             ;DDRAM addresss 0000
0062   00??           00184         movwf   temp_wr
0063   2???           00185         call    i_write
                      00186 
                      00187 ;       banksel temp_wr
                      00188 ;       movlw   b'00000010'             ;return home
                      00189 ;       movwf   temp_wr
                      00190 ;       call    i_write
                      00191 
                      00192 
0064   0008           00193         return
                      00194 
  0000                00195         GLOBAL  LCDInit 
                      00196 ; *******************************************************************
                      00197 
                      00198 
                      00199 
                      00200 
                      00201 
                      00202 
MPASM 5.75      ../../P16F877A_LCDWDBMOD.ASM   11-17-2017  14:23:53         PAGE  5


LOC  OBJECT CODE     LINE SOURCE TEXT
  VALUE

                      00203 
                      00204 
                      00205 ;****************************************************************************
                      00206 ;     _    ______________________________
                      00207 ; RS  _>--<______________________________
                      00208 ;     _____
                      00209 ; RW       \_____________________________
                      00210 ;                  __________________
                      00211 ; E   ____________/                  \___
                      00212 ;     _____________                ______
                      00213 ; DB  _____________>--------------<______
                      00214 ;
0065                  00215 LCDWriteNibble
0065   1C03           00216         btfss   STATUS,C                ; Set the register select
0066   1185           00217         bcf     LCD_RS
0067   1803           00218         btfsc   STATUS,C        
0068   1585           00219         bsf     LCD_RS
                      00220 
0069   1105           00221         bcf     LCD_RW                  ; Set write mode
                      00222 
006A   1683 1303      00223         banksel TRISD
006C   1008           00224         bcf     LCD_D4_DIR              ; Set data bits to outputs
006D   1088           00225         bcf     LCD_D5_DIR
006E   1108           00226         bcf     LCD_D6_DIR
006F   1188           00227         bcf     LCD_D7_DIR
                      00228 
0070   0000           00229         NOP                             ; Small delay
0071   0000           00230         NOP
                      00231 
0072   1283 1303      00232         banksel PORTA
0074   1485           00233         bsf     LCD_E                   ; Setup to clock data
                      00234         
0075   1F80           00235         btfss   temp_wr, 7                      ; Set high nibble
0076   1188           00236         bcf     LCD_D7  
0077   1B80           00237         btfsc   temp_wr, 7
0078   1588           00238         bsf     LCD_D7
0079   1F00           00239         btfss   temp_wr, 6
007A   1108           00240         bcf     LCD_D6  
007B   1B00           00241         btfsc   temp_wr, 6
007C   1508           00242         bsf     LCD_D6
007D   1E80           00243         btfss   temp_wr, 5
007E   1088           00244         bcf     LCD_D5  
007F   1A80           00245         btfsc   temp_wr, 5
0080   1488           00246         bsf     LCD_D5
0081   1E00           00247         btfss   temp_wr, 4
0082   1008           00248         bcf     LCD_D4
0083   1A00           00249         btfsc   temp_wr, 4
0084   1408           00250         bsf     LCD_D4  
                      00251 
0085   0000           00252         NOP
0086   0000           00253         NOP
                      00254 
0087   1085           00255         bcf     LCD_E                   ; Send the data
MPASM 5.75      ../../P16F877A_LCDWDBMOD.ASM   11-17-2017  14:23:53         PAGE  6


LOC  OBJECT CODE     LINE SOURCE TEXT
  VALUE

                      00256 
0088   0008           00257         return
                      00258 ; *******************************************************************
                      00259 
                      00260 
                      00261 
                      00262 
                      00263 
                      00264 ; *******************************************************************
0089                  00265 LCDWrite
                      00266 ;       call    LCDBusy
                      00267 
0089   2???           00268         call    LCDWriteNibble
008A   ???? ????      00269         BANKSEL temp_wr
008C   0E??           00270         swapf   temp_wr, f
                      00271 
008D   2???           00272         call    LCDWriteNibble
008E   ???? ????      00273         banksel temp_wr
0090   0E??           00274         swapf   temp_wr,f
                      00275 
0091   0008           00276         return
                      00277 
  0000                00278         GLOBAL  LCDWrite
                      00279 ; *******************************************************************
                      00280 
                      00281 
                      00282 
                      00283 
                      00284 
                      00285 ; *******************************************************************
                      00286 ;     _____    _____________________________________________________
                      00287 ; RS  _____>--<_____________________________________________________
                      00288 ;               ____________________________________________________
                      00289 ; RW  _________/
                      00290 ;                  ____________________      ____________________
                      00291 ; E   ____________/                    \____/                    \__
                      00292 ;     _________________                __________                ___
                      00293 ; DB  _________________>--------------<__________>--------------<___
                      00294 ;
0092                  00295 LCDRead
0092   1683 1303      00296         banksel TRISD
0094   1408           00297         bsf     LCD_D4_DIR              ; Set data bits to inputs
0095   1488           00298         bsf     LCD_D5_DIR
0096   1508           00299         bsf     LCD_D6_DIR
0097   1588           00300         bsf     LCD_D7_DIR              
                      00301 
0098   1283 1303      00302         BANKSEL PORTA
009A   1C03           00303         btfss   STATUS, C               ; Set the register select
009B   1185           00304         bcf     LCD_RS
009C   1803           00305         btfsc   STATUS, C       
009D   1585           00306         bsf     LCD_RS
                      00307 
009E   1505           00308         bsf     LCD_RW                  ;Read = 1
MPASM 5.75      ../../P16F877A_LCDWDBMOD.ASM   11-17-2017  14:23:53         PAGE  7


LOC  OBJECT CODE     LINE SOURCE TEXT
  VALUE

                      00309 
009F   0000           00310         NOP
00A0   0000           00311         NOP                     
                      00312 
00A1   1485           00313         bsf     LCD_E                   ; Setup to clock data
                      00314 
00A2   0000           00315         NOP
00A3   0000           00316         NOP
00A4   0000           00317         NOP
00A5   0000           00318         NOP
                      00319 
00A6   1D88           00320         btfss   LCD_D7                  ; Get high nibble
00A7   1380           00321         bcf     temp_rd, 7
00A8   1988           00322         btfsc   LCD_D7
00A9   1780           00323         bsf     temp_rd, 7
00AA   1D08           00324         btfss   LCD_D6                  
00AB   1300           00325         bcf     temp_rd, 6
00AC   1908           00326         btfsc   LCD_D6
00AD   1700           00327         bsf     temp_rd, 6
00AE   1C88           00328         btfss   LCD_D5                  
00AF   1280           00329         bcf     temp_rd, 5
00B0   1888           00330         btfsc   LCD_D5
00B1   1680           00331         bsf     temp_rd, 5
00B2   1C08           00332         btfss   LCD_D4                  
00B3   1200           00333         bcf     temp_rd, 4
00B4   1808           00334         btfsc   LCD_D4
00B5   1600           00335         bsf     temp_rd, 4
                      00336 
00B6   1085           00337         bcf     LCD_E                   ; Finished reading the data
                      00338 
00B7   0000           00339         NOP
00B8   0000           00340         NOP
00B9   0000           00341         NOP
00BA   0000           00342         NOP
00BB   0000           00343         NOP
00BC   0000           00344         NOP
00BD   0000           00345         NOP
00BE   0000           00346         NOP
                      00347 
00BF   1485           00348         bsf     LCD_E                   ; Setup to clock data
                      00349 
00C0   0000           00350         NOP
00C1   0000           00351         NOP
                      00352 
00C2   1D88           00353         btfss   LCD_D7                  ; Get low nibble
00C3   1180           00354         bcf     temp_rd, 3
00C4   1988           00355         btfsc   LCD_D7
00C5   1580           00356         bsf     temp_rd, 3
00C6   1D08           00357         btfss   LCD_D6                  
00C7   1100           00358         bcf     temp_rd, 2
00C8   1908           00359         btfsc   LCD_D6
00C9   1500           00360         bsf     temp_rd, 2
00CA   1C88           00361         btfss   LCD_D5                  
MPASM 5.75      ../../P16F877A_LCDWDBMOD.ASM   11-17-2017  14:23:53         PAGE  8


LOC  OBJECT CODE     LINE SOURCE TEXT
  VALUE

00CB   1080           00362         bcf     temp_rd, 1
00CC   1888           00363         btfsc   LCD_D5
00CD   1480           00364         bsf     temp_rd, 1
00CE   1C08           00365         btfss   LCD_D4                  
00CF   1000           00366         bcf     temp_rd, 0
00D0   1808           00367         btfsc   LCD_D4
00D1   1400           00368         bsf     temp_rd, 0
                      00369 
00D2   1085           00370         bcf     LCD_E                   ; Finished reading the data
                      00371 
00D3                  00372 FinRd
00D3   0008           00373         return
                      00374 ; *******************************************************************
                      00375 
                      00376 
                      00377 
                      00378 
                      00379 
                      00380 
                      00381 ; *******************************************************************
00D4                  00382 LCDBusy
                      00383                                         ; Check BF
                      00384         rlcd    LCD_INS
                          M  IF 0          == 1
                          M         bsf     STATUS, C
                          M         call    LCDRead
                          M  ELSE
00D4   1003               M         bcf     STATUS, C
00D5   2???               M         call    LCDRead
                          M  ENDIF
                      00385 
00D6   1B80           00386         btfsc   temp_rd, 7
00D7   2???           00387         goto    LCDBusy
00D8   0008           00388         return
                      00389 
  0000                00390         GLOBAL  LCDBusy
                      00391 ; *******************************************************************
                      00392 
                      00393 
                      00394 
                      00395 
                      00396 
                      00397 
                      00398 ; *******************************************************************
00D9                  00399 DelayXCycles
00D9   0B??           00400         decfsz  delay, F
00DA   2???           00401         goto    DelayXCycles
00DB   0008           00402         return
                      00403 ; *******************************************************************
                      00404         
                      00405 
                      00406         END
MPASM 5.75      ../../P16F877A_LCDWDBMOD.ASM   11-17-2017  14:23:53         PAGE  9


SYMBOL TABLE
  LABEL                             VALUE 

ACKDT                             00000005
ACKEN                             00000004
ACKSTAT                           00000006
ADCON0                            0000001F
ADCON1                            0000009F
ADCS0                             00000006
ADCS1                             00000007
ADCS2                             00000006
ADDEN                             00000003
ADFM                              00000007
ADIE                              00000006
ADIF                              00000006
ADON                              00000000
ADRESH                            0000001E
ADRESL                            0000009E
BCLIE                             00000003
BCLIF                             00000003
BF                                00000000
BRGH                              00000002
C                                 00000000
C1INV                             00000004
C1OUT                             00000006
C2INV                             00000005
C2OUT                             00000007
CCP1CON                           00000017
CCP1IE                            00000002
CCP1IF                            00000002
CCP1M0                            00000000
CCP1M1                            00000001
CCP1M2                            00000002
CCP1M3                            00000003
CCP1X                             00000005
CCP1Y                             00000004
CCP2CON                           0000001D
CCP2IE                            00000000
CCP2IF                            00000000
CCP2M0                            00000000
CCP2M1                            00000001
CCP2M2                            00000002
CCP2M3                            00000003
CCP2X                             00000005
CCP2Y                             00000004
CCPR1                             00000015
CCPR1H                            00000016
CCPR1L                            00000015
CCPR2                             0000001B
CCPR2H                            0000001C
CCPR2L                            0000001B
CHS0                              00000003
CHS1                              00000004
CHS2                              00000005
CIS                               00000003
CKE                               00000006
MPASM 5.75      ../../P16F877A_LCDWDBMOD.ASM   11-17-2017  14:23:53         PAGE 10


SYMBOL TABLE
  LABEL                             VALUE 

CKP                               00000004
CM0                               00000000
CM1                               00000001
CM2                               00000002
CMCON                             0000009C
CMIE                              00000006
CMIF                              00000006
COUNTER                           00000020
CREN                              00000004
CSRC                              00000007
CVR0                              00000000
CVR1                              00000001
CVR2                              00000002
CVR3                              00000003
CVRCON                            0000009D
CVREN                             00000007
CVROE                             00000006
CVRR                              00000005
D                                 00000005
DATA_ADDRESS                      00000005
DC                                00000001
D_A                               00000005
D_NOT_A                           00000005
DelayXCycles                      000000D9
EEADR                             0000010D
EEADRH                            0000010F
EECON1                            0000018C
EECON2                            0000018D
EEDATA                            0000010C
EEDATH                            0000010E
EEIE                              00000004
EEIF                              00000004
EEPGD                             00000007
F                                 00000001
FERR                              00000002
FSR                               00000004
FinRd                             000000D3
GCEN                              00000007
GIE                               00000007
GO                                00000002
GO_DONE                           00000002
GO_NOT_DONE                       00000002
I2C_DATA                          00000005
I2C_READ                          00000002
I2C_START                         00000003
I2C_STOP                          00000004
IBF                               00000007
IBOV                              00000005
INDF                              00000000
INTCON                            0000000B
INTE                              00000004
INTEDG                            00000006
INTF                              00000001
MPASM 5.75      ../../P16F877A_LCDWDBMOD.ASM   11-17-2017  14:23:53         PAGE 11


SYMBOL TABLE
  LABEL                             VALUE 

IRP                               00000007
LCDBusy                           000000D4
LCDInit                           00000016
LCDLine_1                         00000000
LCDLine_2                         00000006
LCDRead                           00000092
LCDWrite                          00000089
LCDWriteNibble                    00000065
LCD_D4                            PORTD, 0
LCD_D4_DIR                        TRISD, 0
LCD_D5                            PORTD, 1
LCD_D5_DIR                        TRISD, 1
LCD_D6                            PORTD, 2
LCD_D6_DIR                        TRISD, 2
LCD_D7                            PORTD, 3
LCD_D7_DIR                        TRISD, 3
LCD_DATA                          1
LCD_E                             PORTA, 1
LCD_E_DIR                         TRISA, 1
LCD_INS                           0
LCD_RS                            PORTA, 3
LCD_RS_DIR                        TRISA, 3
LCD_RW                            PORTA, 2
LCD_RW_DIR                        TRISA, 2
NOT_A                             00000005
NOT_ADDRESS                       00000005
NOT_BO                            00000000
NOT_BOR                           00000000
NOT_DONE                          00000002
NOT_PD                            00000003
NOT_POR                           00000001
NOT_RBPU                          00000007
NOT_RC8                           00000006
NOT_T1SYNC                        00000002
NOT_TO                            00000004
NOT_TX8                           00000006
NOT_W                             00000002
NOT_WRITE                         00000002
OBF                               00000006
OERR                              00000001
OPTION_REG                        00000081
P                                 00000004
PCFG0                             00000000
PCFG1                             00000001
PCFG2                             00000002
PCFG3                             00000003
PCL                               00000002
PCLATH                            0000000A
PCON                              0000008E
PEIE                              00000006
PEN                               00000002
PIE1                              0000008C
PIE2                              0000008D
MPASM 5.75      ../../P16F877A_LCDWDBMOD.ASM   11-17-2017  14:23:53         PAGE 12


SYMBOL TABLE
  LABEL                             VALUE 

PIR1                              0000000C
PIR2                              0000000D
PORTA                             00000005
PORTB                             00000006
PORTC                             00000007
PORTD                             00000008
PORTE                             00000009
PR2                               00000092
PS0                               00000000
PS1                               00000001
PS2                               00000002
PSA                               00000003
PSPIE                             00000007
PSPIF                             00000007
PSPMODE                           00000004
R                                 00000002
RA0                               00000000
RA1                               00000001
RA2                               00000002
RA3                               00000003
RA4                               00000004
RA5                               00000005
RB0                               00000000
RB1                               00000001
RB2                               00000002
RB3                               00000003
RB4                               00000004
RB5                               00000005
RB6                               00000006
RB7                               00000007
RBIE                              00000003
RBIF                              00000000
RC0                               00000000
RC1                               00000001
RC2                               00000002
RC3                               00000003
RC4                               00000004
RC5                               00000005
RC6                               00000006
RC7                               00000007
RC8_9                             00000006
RC9                               00000006
RCD8                              00000000
RCEN                              00000003
RCIE                              00000005
RCIF                              00000005
RCREG                             0000001A
RCSTA                             00000018
RD                                00000000
RD0                               00000000
RD1                               00000001
RD2                               00000002
RD3                               00000003
MPASM 5.75      ../../P16F877A_LCDWDBMOD.ASM   11-17-2017  14:23:53         PAGE 13


SYMBOL TABLE
  LABEL                             VALUE 

RD4                               00000004
RD5                               00000005
RD6                               00000006
RD7                               00000007
RE0                               00000000
RE1                               00000001
RE2                               00000002
READ_WRITE                        00000002
RP0                               00000005
RP1                               00000006
RSEN                              00000001
RX9                               00000006
RX9D                              00000000
R_NOT_W                           00000002
R_W                               00000002
S                                 00000003
SEN                               00000000
SMP                               00000007
SPBRG                             00000099
SPEN                              00000007
SREN                              00000005
SSPADD                            00000093
SSPBUF                            00000013
SSPCON                            00000014
SSPCON2                           00000091
SSPEN                             00000005
SSPIE                             00000003
SSPIF                             00000003
SSPM0                             00000000
SSPM1                             00000001
SSPM2                             00000002
SSPM3                             00000003
SSPOV                             00000006
SSPSTAT                           00000094
STATUS                            00000003
SYNC                              00000004
T0CS                              00000005
T0IE                              00000005
T0IF                              00000002
T0SE                              00000004
T1CKPS0                           00000004
T1CKPS1                           00000005
T1CON                             00000010
T1INSYNC                          00000002
T1OSCEN                           00000003
T1SYNC                            00000002
T2CKPS0                           00000000
T2CKPS1                           00000001
T2CON                             00000012
TMR0                              00000001
TMR0IE                            00000005
TMR0IF                            00000002
TMR1                              0000000E
MPASM 5.75      ../../P16F877A_LCDWDBMOD.ASM   11-17-2017  14:23:53         PAGE 14


SYMBOL TABLE
  LABEL                             VALUE 

TMR1CS                            00000001
TMR1H                             0000000F
TMR1IE                            00000000
TMR1IF                            00000000
TMR1L                             0000000E
TMR1ON                            00000000
TMR2                              00000011
TMR2IE                            00000001
TMR2IF                            00000001
TMR2ON                            00000002
TOUTPS0                           00000003
TOUTPS1                           00000004
TOUTPS2                           00000005
TOUTPS3                           00000006
TRISA                             00000085
TRISA0                            00000000
TRISA1                            00000001
TRISA2                            00000002
TRISA3                            00000003
TRISA4                            00000004
TRISA5                            00000005
TRISB                             00000086
TRISB0                            00000000
TRISB1                            00000001
TRISB2                            00000002
TRISB3                            00000003
TRISB4                            00000004
TRISB5                            00000005
TRISB6                            00000006
TRISB7                            00000007
TRISC                             00000087
TRISC0                            00000000
TRISC1                            00000001
TRISC2                            00000002
TRISC3                            00000003
TRISC4                            00000004
TRISC5                            00000005
TRISC6                            00000006
TRISC7                            00000007
TRISD                             00000088
TRISD0                            00000000
TRISD1                            00000001
TRISD2                            00000002
TRISD3                            00000003
TRISD4                            00000004
TRISD5                            00000005
TRISD6                            00000006
TRISD7                            00000007
TRISE                             00000089
TRISE0                            00000000
TRISE1                            00000001
TRISE2                            00000002
TRMT                              00000001
MPASM 5.75      ../../P16F877A_LCDWDBMOD.ASM   11-17-2017  14:23:53         PAGE 15


SYMBOL TABLE
  LABEL                             VALUE 

TX8_9                             00000006
TX9                               00000006
TX9D                              00000000
TXD8                              00000000
TXEN                              00000005
TXIE                              00000004
TXIF                              00000004
TXREG                             00000019
TXSTA                             00000098
UA                                00000001
W                                 00000000
WCOL                              00000007
WR                                00000001
WREN                              00000002
WRERR                             00000003
Z                                 00000002
_BODEN_OFF                        00003FBF
_BODEN_ON                         00003FFF
_BOREN_OFF                        00003FBF
_BOREN_ON                         00003FFF
_CONFIG                           00002007
_CPD_OFF                          00003FFF
_CPD_ON                           00003EFF
_CP_ALL                           00001FFF
_CP_OFF                           00003FFF
_CP_ON                            00001FFF
_DEBUG_OFF                        00003FFF
_DEBUG_ON                         000037FF
_DEVID1                           00002006
_FOSC_EXTRC                       00003FFF
_FOSC_HS                          00003FFE
_FOSC_LP                          00003FFC
_FOSC_XT                          00003FFD
_HS_OSC                           00003FFE
_IDLOC0                           00002000
_IDLOC1                           00002001
_IDLOC2                           00002002
_IDLOC3                           00002003
_LP_OSC                           00003FFC
_LVP_OFF                          00003F7F
_LVP_ON                           00003FFF
_PROG1_002C                       0000002C
_PROG1_0037                       00000037
_PWRTE_OFF                        00003FFF
_PWRTE_ON                         00003FF7
_RC_OSC                           00003FFF
_WDTE_OFF                         00003FFB
_WDTE_ON                          00003FFF
_WDT_OFF                          00003FFB
_WDT_ON                           00003FFF
_WRT_1FOURTH                      00003BFF
_WRT_256                          00003DFF
_WRT_HALF                         000039FF
MPASM 5.75      ../../P16F877A_LCDWDBMOD.ASM   11-17-2017  14:23:53         PAGE 16


SYMBOL TABLE
  LABEL                             VALUE 

_WRT_OFF                          00003FFF
_XT_OSC                           00003FFD
__16F877A                         00000001
d_write                           0000000C
delay                             00000021
i_write                           00000012
rlcd                              
temp_rd                           00000023
temp_wr                           00000022

Errors   :     0
Warnings :     0 reported,     0 suppressed
Messages :     0 reported,    12 suppressed

